24-08-13.15:42:07.229 [main            ] INFO  RaffleStrategyTest     - Starting RaffleStrategyTest using Java 17.0.9 on hxy with PID 36824 (started by huixinyuan in D:\桌面\大营销平台\bigmarket\bigmarket\bigmarket-app)
24-08-13.15:42:07.229 [main            ] INFO  RaffleStrategyTest     - The following 1 profile is active: "dev"
24-08-13.15:42:07.837 [main            ] INFO  RepositoryConfigurationDelegate - Multiple Spring Data modules found, entering strict repository configuration mode
24-08-13.15:42:07.839 [main            ] INFO  RepositoryConfigurationDelegate - Bootstrapping Spring Data Redis repositories in DEFAULT mode.
24-08-13.15:42:07.863 [main            ] INFO  RepositoryConfigurationDelegate - Finished Spring Data repository scanning in 12 ms. Found 0 Redis repository interfaces.
24-08-13.15:42:08.793 [main            ] INFO  Version                - Redisson 3.23.4
24-08-13.15:42:09.029 [redisson-netty-2-4] INFO  MasterPubSubConnectionPool - 1 connections initialized for 116.198.240.105/116.198.240.105:16379
24-08-13.15:42:09.136 [redisson-netty-2-13] INFO  MasterConnectionPool   - 5 connections initialized for 116.198.240.105/116.198.240.105:16379
24-08-13.15:42:10.422 [main            ] INFO  EndpointLinksResolver  - Exposing 1 endpoint(s) beneath base path '/actuator'
24-08-13.15:42:10.460 [main            ] INFO  RaffleStrategyTest     - Started RaffleStrategyTest in 3.517 seconds (JVM running for 4.236)
24-08-13.15:42:10.830 [main            ] INFO  HikariDataSource       - HikariPool-1 - Starting...
24-08-13.15:42:11.265 [main            ] INFO  HikariDataSource       - HikariPool-1 - Start completed.
24-08-13.15:42:11.690 [main            ] INFO  RaffleStrategyTest     - 测试结果：true
24-08-13.15:42:11.801 [main            ] INFO  RaffleStrategyTest     - 测试结果：true
24-08-13.15:42:11.851 [main            ] INFO  DefaultLogicChain      - 抽奖责任链-默认处理 userId: xiaofuge strategyId: 100006 ruleModel: rule_default awardId: 102
24-08-13.15:42:11.851 [main            ] INFO  AbstractRaffleStrategy - 抽奖策略计算-责任链 xiaofuge 100006 102 rule_default
24-08-13.15:42:11.967 [main            ] INFO  DecisionTreeEngine     - 决策树引擎【规则树】treeId:tree_lock node:rule_lock code:0000
24-08-13.15:42:11.967 [main            ] INFO  DecisionTreeEngine     - 决策树引擎【规则树】treeId:tree_lock node:rule_stock code:0001
24-08-13.15:42:11.968 [main            ] INFO  DecisionTreeEngine     - 决策树引擎【规则树】treeId:tree_lock node:rule_luck_award code:0001
24-08-13.15:42:11.968 [main            ] INFO  AbstractRaffleStrategy - 抽奖策略计算-规则树 xiaofuge 100006 101 1,100
24-08-13.15:42:12.047 [main            ] INFO  RaffleStrategyTest     - 请求参数：{"strategyId":100006,"userId":"xiaofuge"}
24-08-13.15:42:12.049 [main            ] INFO  RaffleStrategyTest     - 测试结果：{"awardConfig":"1,100","awardId":101}
24-08-13.15:42:12.083 [SpringApplicationShutdownHook] INFO  HikariDataSource       - HikariPool-1 - Shutdown initiated...
24-08-13.15:42:12.212 [SpringApplicationShutdownHook] INFO  HikariDataSource       - HikariPool-1 - Shutdown completed.
24-08-13.16:30:33.379 [main            ] INFO  RaffleStrategyTest     - Starting RaffleStrategyTest using Java 17.0.9 on hxy with PID 36844 (started by huixinyuan in D:\桌面\大营销平台\bigmarket\bigmarket\bigmarket-app)
24-08-13.16:30:33.380 [main            ] INFO  RaffleStrategyTest     - The following 1 profile is active: "dev"
24-08-13.16:30:33.946 [main            ] INFO  RepositoryConfigurationDelegate - Multiple Spring Data modules found, entering strict repository configuration mode
24-08-13.16:30:33.948 [main            ] INFO  RepositoryConfigurationDelegate - Bootstrapping Spring Data Redis repositories in DEFAULT mode.
24-08-13.16:30:33.971 [main            ] INFO  RepositoryConfigurationDelegate - Finished Spring Data repository scanning in 12 ms. Found 0 Redis repository interfaces.
24-08-13.16:30:34.974 [main            ] INFO  Version                - Redisson 3.23.4
24-08-13.16:30:35.208 [redisson-netty-2-4] INFO  MasterPubSubConnectionPool - 1 connections initialized for 116.198.240.105/116.198.240.105:16379
24-08-13.16:30:35.326 [redisson-netty-2-13] INFO  MasterConnectionPool   - 5 connections initialized for 116.198.240.105/116.198.240.105:16379
24-08-13.16:30:36.662 [main            ] INFO  EndpointLinksResolver  - Exposing 1 endpoint(s) beneath base path '/actuator'
24-08-13.16:30:36.706 [main            ] INFO  RaffleStrategyTest     - Started RaffleStrategyTest in 3.616 seconds (JVM running for 7.651)
24-08-13.16:30:37.324 [main            ] INFO  HikariDataSource       - HikariPool-1 - Starting...
24-08-13.16:30:37.745 [main            ] INFO  HikariDataSource       - HikariPool-1 - Start completed.
24-08-13.16:30:37.948 [main            ] INFO  RaffleStrategyTest     - 测试结果：true
24-08-13.16:30:38.005 [main            ] INFO  RaffleStrategyTest     - 测试结果：true
24-08-13.16:30:38.025 [main            ] INFO  BlackListLogicChain    - 抽奖责任链-黑名单开始 userId: user003 strategyId: 100001 ruleModel: rule_blacklist
24-08-13.16:30:38.093 [main            ] INFO  BlackListLogicChain    - 抽奖责任链-黑名单接管 userId: user003 strategyId: 100001 ruleModel: rule_blacklist awardId: 100
24-08-13.16:30:38.094 [main            ] INFO  AbstractRaffleStrategy - 抽奖策略计算-责任链 user003 100001 100 rule_blacklist
24-08-13.16:30:38.179 [main            ] INFO  RaffleStrategyTest     - 请求参数：{"strategyId":100001,"userId":"user003"}
24-08-13.16:30:38.181 [main            ] INFO  RaffleStrategyTest     - 测试结果：{"awardId":100}
24-08-13.16:30:38.215 [SpringApplicationShutdownHook] INFO  HikariDataSource       - HikariPool-1 - Shutdown initiated...
24-08-13.16:30:38.315 [SpringApplicationShutdownHook] INFO  HikariDataSource       - HikariPool-1 - Shutdown completed.
24-08-13.16:30:51.606 [main            ] INFO  RaffleStrategyTest     - Starting RaffleStrategyTest using Java 17.0.9 on hxy with PID 15756 (started by huixinyuan in D:\桌面\大营销平台\bigmarket\bigmarket\bigmarket-app)
24-08-13.16:30:51.607 [main            ] INFO  RaffleStrategyTest     - The following 1 profile is active: "dev"
24-08-13.16:30:52.215 [main            ] INFO  RepositoryConfigurationDelegate - Multiple Spring Data modules found, entering strict repository configuration mode
24-08-13.16:30:52.217 [main            ] INFO  RepositoryConfigurationDelegate - Bootstrapping Spring Data Redis repositories in DEFAULT mode.
24-08-13.16:30:52.241 [main            ] INFO  RepositoryConfigurationDelegate - Finished Spring Data repository scanning in 13 ms. Found 0 Redis repository interfaces.
24-08-13.16:30:53.135 [main            ] INFO  Version                - Redisson 3.23.4
24-08-13.16:30:53.371 [redisson-netty-2-4] INFO  MasterPubSubConnectionPool - 1 connections initialized for 116.198.240.105/116.198.240.105:16379
24-08-13.16:30:53.480 [redisson-netty-2-13] INFO  MasterConnectionPool   - 5 connections initialized for 116.198.240.105/116.198.240.105:16379
24-08-13.16:30:54.618 [main            ] INFO  EndpointLinksResolver  - Exposing 1 endpoint(s) beneath base path '/actuator'
24-08-13.16:30:54.663 [main            ] INFO  RaffleStrategyTest     - Started RaffleStrategyTest in 3.356 seconds (JVM running for 3.871)
24-08-13.16:30:55.249 [main            ] INFO  HikariDataSource       - HikariPool-1 - Starting...
24-08-13.16:30:55.602 [main            ] INFO  HikariDataSource       - HikariPool-1 - Start completed.
24-08-13.16:30:55.803 [main            ] INFO  RaffleStrategyTest     - 测试结果：true
24-08-13.16:30:55.875 [main            ] INFO  RaffleStrategyTest     - 测试结果：true
24-08-13.16:30:55.923 [main            ] INFO  DefaultLogicChain      - 抽奖责任链-默认处理 userId: xiaofuge strategyId: 100006 ruleModel: rule_default awardId: 102
24-08-13.16:30:55.925 [main            ] INFO  AbstractRaffleStrategy - 抽奖策略计算-责任链 xiaofuge 100006 102 rule_default
24-08-13.16:30:55.984 [main            ] INFO  DecisionTreeEngine     - 决策树引擎【规则树】treeId:tree_lock node:rule_lock code:0000
24-08-13.16:30:55.984 [main            ] INFO  DecisionTreeEngine     - 决策树引擎【规则树】treeId:tree_lock node:rule_stock code:0001
24-08-13.16:30:55.985 [main            ] INFO  DecisionTreeEngine     - 决策树引擎【规则树】treeId:tree_lock node:rule_luck_award code:0001
24-08-13.16:30:55.985 [main            ] INFO  AbstractRaffleStrategy - 抽奖策略计算-规则树 xiaofuge 100006 101 1,100
24-08-13.16:30:56.058 [main            ] INFO  RaffleStrategyTest     - 请求参数：{"strategyId":100006,"userId":"xiaofuge"}
24-08-13.16:30:56.060 [main            ] INFO  RaffleStrategyTest     - 测试结果：{"awardConfig":"1,100","awardId":101}
24-08-13.16:30:56.115 [SpringApplicationShutdownHook] INFO  HikariDataSource       - HikariPool-1 - Shutdown initiated...
24-08-13.16:30:56.230 [SpringApplicationShutdownHook] INFO  HikariDataSource       - HikariPool-1 - Shutdown completed.
